(good (eval (add (num 10) (num 17))) (numV 27) (numV 27) "at line 371")
(good (eval (sub (num 10) (num 7))) (numV 3) (numV 3) "at line 372")
(good (eval (app (fun (list (quote x)) (list (numTE)) (add (id (quote x)) (num 12))) (list (add (num 1) (num 17))))) (numV 30) (numV 30) "at line 373")
(good (eval (app (fun (list (quote x)) (list (numTE)) (app (fun (list (quote f)) (list (arrowTE (list (numTE)) (numTE))) (add (app (id (quote f)) (list (num 1))) (app (fun (list (quote x)) (list (numTE)) (app (id (quote f)) (list (num 2)))) (list (num 3))))) (list (fun (list (quote y)) (list (numTE)) (add (id (quote x)) (id (quote y))))))) (list (num 0)))) (numV 3) (numV 3) "at line 375")
(good (eval (id (quote x))) "type-error: typecheck" "type-error: typecheck" "at line 388")
(good (typecheck (num 10) (mtEnv)) (numT) (numT) "at line 390")
(good (typecheck (add (num 10) (num 17)) (mtEnv)) (numT) (numT) "at line 391")
(good (typecheck (sub (num 10) (num 7)) (mtEnv)) (numT) (numT) "at line 392")
(good (typecheck (fun (list (quote x)) (list (numTE)) (add (id (quote x)) (num 12))) (mtEnv)) (arrowT (list (numT)) (numT)) (arrowT (list (numT)) (numT)) "at line 393")
(good (typecheck (fun (list (quote x)) (list (numTE)) (fun (list (quote y)) (list (boolTE)) (id (quote x)))) (mtEnv)) (arrowT (list #0=(numT)) (arrowT (list (boolT)) #0#)) (arrowT (list (numT)) (arrowT (list (boolT)) (numT))) "at line 394")
(good (typecheck (app (fun (list (quote x)) (list (numTE)) (add (id (quote x)) (num 12))) (list (add (num 1) (num 17)))) (mtEnv)) (numT) (numT) "at line 395")
(good (typecheck (app (num 1) (list (num 2))) (mtEnv)) "typecheck: no type: (num 1) not function" "no type" "at line 397")
(good (typecheck (add (fun (list (quote x)) (list (numTE)) (num 12)) (num 2)) (mtEnv)) "typecheck: no type: (fun '(x) (list (numTE)) (num 12)) not num" "no type" "at line 398")
(good (eval (eq (num 13) (ifthenelse (eq (num 1) (add (num -1) (num 2))) (num 12) (num 13)))) (boolV #f) (boolV #f) "at line 403")
(good (typecheck (eq (num 13) (ifthenelse (eq (num 1) (add (num -1) (num 2))) (num 12) (num 13))) (mtEnv)) (boolT) (boolT) "at line 409")
(good (typecheck (add (num 1) (ifthenelse (bool true) (bool true) (bool false))) (mtEnv)) "typecheck: no type: (ifthenelse (bool #t) (bool #t) (bool #f)) not num" "no type" "at line 415")
(good (eval (app (fun (list (quote x) (quote y)) (list (boolTE) (numTE)) (eq (id (quote x)) (id (quote y)))) (list (bool false) (num 3)))) "type-error: typecheck" "type-error: typecheck" "at line 423")
(good (eval (app (fun (list (quote x) (quote y)) (list (boolTE) (boolTE)) (eq (id (quote x)) (id (quote y)))) (list (bool false) (bool true)))) "type-error: typecheck" "type-error: typecheck" "at line 427")
(good (eval (app (fun (list (quote x) (quote y)) (list (numTE) (numTE)) (eq (id (quote x)) (id (quote y)))) (list (num 4) (num 3)))) (boolV #f) (boolV #f) "at line 431")
(good (eval (app (fun (list (quote x) (quote y)) (list (boolTE) (boolTE)) (ifthenelse (id (quote x)) (num 1) (num 2))) (list (bool false) (bool true)))) (numV 2) (numV 2) "at line 435")
(good (eval (app (fun (list (quote x) (quote y)) (list (boolTE) (boolTE)) (ifthenelse (id (quote y)) (num 1) (num 2))) (list (bool false) (bool true)))) (numV 1) (numV 1) "at line 439")
(good (eval (app (fun (list (quote x) (quote y)) (list (numTE) (numTE)) (eq (id (quote x)) (id (quote y)))) (list (num 3) (num 3)))) (boolV #t) (boolV #t) "at line 443")
(good (eval (app (fun (list (quote x) (quote y)) (list (numTE) (numTE)) (eq (id (quote x)) (id (quote y)))) (list (num 3) (add (num 1) (num 2))))) (boolV #t) (boolV #t) "at line 447")
(good (eval (ifthenelse (bool false) (num 3) (num 4))) (numV 4) (numV 4) "at line 451")
(good (eval (ifthenelse (bool true) (num 3) (num 4))) (numV 3) (numV 3) "at line 453")
(good (eval (ifthenelse (num 3) (num 4) (num 5))) "type-error: typecheck" "type-error: typecheck" "at line 455")
(good (eval (ifthenelse (bool false) (bool false) (num 5))) "type-error: typecheck" "type-error: typecheck" "at line 457")
(good (eval (fst (pair (num 10) (num 8)))) (numV 10) (numV 10) "at line 464")
(good (eval (snd (pair (num 10) (num 8)))) (numV 8) (numV 8) "at line 465")
(good (typecheck (pair (num 10) (num 8)) (mtEnv)) (crossT (numT) (numT)) (crossT (numT) (numT)) "at line 466")
(good (typecheck (add (num 1) (snd (pair (num 10) (num 8)))) (mtEnv)) (numT) (numT) "at line 467")
(good (typecheck (fun (list (quote x)) (list (crossTE (numTE) (boolTE))) (ifthenelse (snd (id (quote x))) (num 0) (fst (id (quote x))))) (mtEnv)) (arrowT (list (crossT (numT) (boolT))) (numT)) (arrowT (list (crossT (numT) (boolT))) (numT)) "at line 468")
(good (typecheck (fst (num 10)) (mtEnv)) "typecheck: no type: (num 10) not not a pair" "no type" "at line 472")
(good (typecheck (add (num 1) (fst (pair (bool false) (num 8)))) (mtEnv)) "typecheck: no type: (fst (pair (bool #f) (num 8))) not num" "no type" "at line 473")
(good (typecheck (fun (list (quote x)) (list (crossTE (numTE) (boolTE))) (ifthenelse (fst (id (quote x))) (num 0) (fst (id (quote x))))) (mtEnv)) "typecheck: no type: (numT) not bool" "no type" "at line 474")
(good (eval (app (fun (list (quote x) (quote y)) (list (crossTE (boolTE) (numTE)) (numTE)) (fst (id (quote x)))) (list (pair (bool false) (num 3)) (num 2)))) (boolV #f) (boolV #f) "at line 479")
(good (eval (app (fun (list (quote x) (quote y)) (list (crossTE (boolTE) (numTE)) (numTE)) (fst (id (quote x)))) (list (pair (num 5) (num 3)) (num 2)))) "type-error: typecheck" "type-error: typecheck" "at line 484")
(good (run (app (fun (list) (list) (num 10)) (list))) (numV 10) (numV 10) "at line 492")
(good (run (app (fun (list (quote x) (quote y)) (list (numTE) (numTE)) (sub (id (quote x)) (id (quote y)))) (list (num 10) (num 20)))) (numV -10) (numV -10) "at line 493")
(good (typecheck (app (fun (list (quote x) (quote y)) (list (numTE) (boolTE)) (id (quote y))) (list (num 10) (bool false))) (mtEnv)) (boolT) (boolT) "at line 498")
(good (typecheck (app (fun (list (quote x) (quote y)) (list (numTE) (boolTE)) (id (quote y))) (list (num 10) (num 10))) (mtEnv)) "typecheck: no type: (list (num 10) (num 10)) not bad arguments` types" "no type" "at line 504")
(good (typecheck (throw) (mtEnv)) (anyT) (anyT) "at line 511")
(good (typecheck (try1 (num 8) (num 10)) (mtEnv)) (numT) (numT) "at line 512")
(good (typecheck (try1 (throw) (num 10)) (mtEnv)) (numT) (numT) "at line 513")
(good (typecheck (try1 (num 8) (bool false)) (mtEnv)) "typecheck: no type: #<procedure:try129> not expressions types mismatch" "no type" "at line 514")
(good (run (app (fun (list (quote x) (quote y)) (list (numTE) (numTE)) (with (list (quote x) (quote y)) (list (numTE) (arrowTE (list (numTE)) (numTE))) (list (num 3) (fun (list (quote x)) (list (boolTE)) (ifthenelse (eq (id (quote x)) (num 3)) (num 12) (num 6)))) (app (id (quote y)) (list (id (quote x)))))) (list (num 5) (add (num 2) (num 3))))) (numV 12) (numV 12) "at line 517")
(good (eval (app (fun (list (quote x) (quote y) (quote z)) (list (numTE) (numTE) (boolTE)) (with (list (quote x) (quote y)) (list (numTE) (arrowTE (list (numTE)) (numTE))) (list (num 3) (fun (list (quote x)) (list (boolTE)) (ifthenelse (eq (id (quote z)) (num 3)) (num 12) (num 6)))) (app (id (quote y)) (list (id (quote x)))))) (list (num 5) (num 1) (bool false)))) "type-error: typecheck" "type-error: typecheck" "at line 534")
(good (eval (try1 (app (fun (list (quote x)) (list (numTE)) (add (num 32) (try1 (throw) (id (quote x))))) (list (num 10))) (num 5))) (numV 42) (numV 42) "at line 552")
(good (eval (try1 (add (num 32) (throw)) (num 5))) (numV 5) (numV 5) "at line 562")
(good (eval (try1 (app (fun (list (quote x)) (list (numTE)) (add (num 32) (try1 (throw) (throw)))) (list (num 10))) (num 5))) (numV 5) (numV 5) "at line 566")
(good (eval (app (fun (list (quote x)) (list (arrowTE (list (numTE)) (numTE))) (app (id (quote x)) (list (num 10)))) (list (fun (list (quote x)) (list (numTE)) (add (id (quote x)) (num 10)))))) (numV 20) (numV 20) "at line 576")
(good (bad (typecheck (eq (num 2) (throw)) (mtEnv)) (anyT) (boolT) "at line 652")
(bad (typecheck (ifthenelse (bool false) (num 2) (throw)) (mtEnv)) (anyT) (numT) "at line 653")
(eval (try1 (app (fun (list (quote x)) (list (arrowTE (list (numTE)) (numTE))) (app (id (quote x)) (list (throw)))) (list (fun (list (quote x)) (list (numTE)) (add (id (quote x)) (num 10))))) (num 42))) (numV 42) (numV 42) "at line 584")
(good (eval (try1 (app (fun (list (quote x)) (list (arrowTE (list (numTE)) (numTE))) (app (id (quote x)) (list (num 11)))) (list (fun (list (quote x)) (list (numTE)) (add (id (quote x)) (throw))))) (num 42))) (numV 42) (numV 42) "at line 593")
(good (eval (ifthenelse (bool true) (num 3) (bool false))) "type-error: typecheck" "type-error: typecheck" "at line 604")
(good (eval (app (fun (list (quote x)) (list (numTE)) (id (quote x))) (list (bool false)))) "type-error: typecheck" "type-error: typecheck" "at line 605")
(good (eval (app (fun (list (quote x) (quote y)) (list (numTE) (boolTE)) (num 23)) (list (bool false) (num 3)))) "type-error: typecheck" "type-error: typecheck" "at line 606")
(good (eval (app (fun (list (quote x) (quote y)) (list (numTE) (boolTE)) (num 23)) (list (bool false)))) "type-error: typecheck" "type-error: typecheck" "at line 608")
(good (eval (app (fun (list (quote x)) (list (numTE)) (num 23)) (list (bool false) (num 3)))) "type-error: typecheck" "type-error: typecheck" "at line 610")
(good (typecheck (with (list (quote x) (quote y) (quote z)) (list (numTE) (numTE) (numTE)) (list (num 5) (num 6) (num 7)) (add (id (quote x)) (num 1))) (mtEnv)) (numT) (numT) "at line 614")
(good (typecheck (with (list (quote x) (quote y) (quote z)) (list (numTE) (numTE) (numTE)) (list (num 5) (num 6) (num 7)) (eq (id (quote x)) (num 1))) (mtEnv)) (boolT) (boolT) "at line 617")
(good (typecheck (try1 (try1 (num 7) (throw)) (num 9)) (mtEnv)) (numT) (numT) "at line 620")
(good (run (fst (pair (num 10) (num 8)))) (numV 10) (numV 10) "at line 621")
(good (run (snd (pair (num 10) (num 8)))) (numV 8) (numV 8) "at line 622")
(good (typecheck (pair (num 10) (num 8)) (mtEnv)) (crossT (numT) (numT)) (crossT (numT) (numT)) "at line 623")
(good (typecheck (add (num 1) (snd (pair (num 10) (num 8)))) (mtEnv)) (numT) (numT) "at line 624")
(good (run (app (fun (list) (list) (num 10)) (list))) (numV 10) (numV 10) "at line 627")
(good (run (app (fun (list (quote x) (quote y)) (list (numTE) (numTE)) (sub (id (quote x)) (id (quote y)))) (list (num 10) (num 20)))) (numV -10) (numV -10) "at line 628")
(good (run (with (list (quote x)) (list (numTE)) (list (num 5)) (add (id (quote x)) (id (quote x))))) (numV 10) (numV 10) "at line 631")
(good (run (with (list (quote x)) (list (numTE)) (list (num 5)) (add (id (quote x)) (with (list (quote x)) (list (numTE)) (list (num 3)) (num 10))))) (numV 15) (numV 15) "at line 632")
(good (typecheck (app (fun (list (quote x) (quote y)) (list (numTE) (boolTE)) (id (quote y))) (list (num 10) (bool false))) (mtEnv)) (boolT) (boolT) "at line 635")
(good (typecheck (app (fun (list (quote x) (quote y)) (list (numTE) (boolTE)) (id (quote y))) (list (num 10) (num 10))) (mtEnv)) "typecheck: no type: (list (num 10) (num 10)) not bad arguments` types" "no type" "at line 640")
(good (typecheck (throw) (mtEnv)) (anyT) (anyT) "at line 645")
(good (typecheck (try1 (num 8) (num 10)) (mtEnv)) (numT) (numT) "at line 646")
(good (typecheck (try1 (throw) (num 10)) (mtEnv)) (numT) (numT) "at line 647")
(good (typecheck (bool true) (mtEnv)) (boolT) (boolT) "at line 651")
(good (typecheck (ifthenelse (bool false) (throw) (num 2)) (mtEnv)) (numT) (numT) "at line 654")
(good (typecheck (ifthenelse (bool false) (throw) (throw)) (mtEnv)) (anyT) (anyT) "at line 655")
(good (typecheck (pair (num 2) (bool false)) (mtEnv)) (crossT (numT) (boolT)) (crossT (numT) (boolT)) "at line 656")
(good (typecheck (pair (num 2) (throw)) (mtEnv)) (crossT (numT) (anyT)) (crossT (numT) (anyT)) "at line 657")
(good (typecheck (snd (throw)) (mtEnv)) (anyT) (anyT) "at line 658")
(good (typecheck (fst (pair (num 2) (bool false))) (mtEnv)) (numT) (numT) "at line 659")
(good (typecheck (snd (pair (num 2) (bool false))) (mtEnv)) (boolT) (boolT) "at line 660")
(good (typecheck (fun empty empty (num 2)) (mtEnv)) (bad (typecheck (with (list (quote x)) (list (numTE)) (list (throw)) (id (quote x))) (mtEnv)) (anyT) (numT) "at line 667")
(bad (typecheck (sub (throw) (throw)) (mtEnv)) (anyT) (numT) "at line 679")
(exception (typecheck (ifthenelse (bool true) (fun (list (quote x) (quote y)) (list (numTE) (numTE)) (throw)) (fun (list (quote z) (quote a)) (list (numTE) (numTE)) (add (id (quote z)) (id (quote a))))) (mtEnv)) "typecheck: no type: #<procedure:ifthenelse25> not e1 type != e2 type" (arrowT (list (numT) (numT)) (numT)) "at line 683")
(bad (typecheck (try1 (num 2) (throw)) (mtEnv)) (anyT) (numT) "at line 684")
(bad (typecheck (app (fun (list (quote a)) (list (numTE)) (add (throw) (num 10))) (list (throw))) (mtEnv)) (anyT) (numT) "at line 687")
(exception (typecheck (try1 (pair (throw) (num 42)) (pair (bool false) (throw))) (mtEnv)) "typecheck: no type: #<procedure:try129> not expressions types mismatch" (crossT (boolT) (numT)) "at line 689")
(bad (typecheck (try1 (pair (num 8) (num 2)) (throw)) (mtEnv)) (anyT) (crossT (numT) (numT)) "at line 691")
(bad (typecheck (ifthenelse (throw) (pair (throw) (num 42)) (pair (bool false) (throw))) (mtEnv)) (anyT) (crossT (boolT) (numT)) "at line 693")
(exception (typecheck (try1 (pair (throw) (num 42)) (pair (bool false) (throw))) (mtEnv)) "typecheck: no type: #<procedure:try129> not expressions types mismatch" (crossT (boolT) (numT)) "at line 694")
(bad (typecheck (with (list (quote dup)) (list (arrowTE (list (numTE)) (crossTE (numTE) (numTE)))) (list (fun (list (quote n)) (list (numTE)) (pair (id (quote n)) (id (quote n))))) (app (id (quote dup)) (list (throw)))) (mtEnv)) (anyT) (crossT (numT) (numT)) "at line 697")
(bad (typecheck (app (throw) (list (add (bool true) (throw)))) (mtEnv)) (anyT) "no type" "at line 698")
(bad (typecheck (app (throw) (list (ifthenelse (num 1) (num 2) (num 3)))) (mtEnv)) (anyT) "no type" "at line 699")
(bad (typecheck (app (throw) (list (app (bool true) (list (throw))))) (mtEnv)) (anyT) "no type" "at line 700")
(arrowT '() (numT)) (arrowT '() (numT)) "at line 661")
(good (typecheck (fun (list (quote x)) (list (numTE)) (throw)) (mtEnv)) (arrowT (list (numT)) (anyT)) (arrowT (list (numT)) (anyT)) "at line 662")
(good (typecheck (app (fun empty empty (num 2)) empty) (mtEnv)) (numT) (numT) "at line 663")
(good (typecheck (app (throw) (list (num 2) (bool false))) (mtEnv)) (anyT) (anyT) "at line 664")
(good (typecheck (app (fun (list (quote x) (quote y)) (list (numTE) (numTE)) (add (id (quote x)) (id (quote y)))) (list (num 2) (num 3))) (mtEnv)) (numT) (numT) "at line 665")
(good (typecheck (with (list (quote x)) (list (numTE)) (list (num 2)) (id (quote x))) (mtEnv)) (numT) (numT) "at line 666")
(good (typecheck (with (list (quote x) (quote y) (quote z)) (list (boolTE) (numTE) (numTE)) (list (bool false) (num 2) (num 3)) (ifthenelse (id (quote x)) (id (quote y)) (id (quote z)))) (mtEnv)) (numT) (numT) "at line 668")
(good (typecheck (with empty empty empty (num 2)) (mtEnv)) (numT) (numT) "at line 669")
(good (typecheck (with (list (quote x)) (list (numTE)) (list (throw)) (num 2)) (mtEnv)) (numT) (numT) "at line 670")
(good (run (eq (num 2) (num 3))) (boolV #f) (boolV #f) "at line 671")
(good (run (eq (num 2) (num 2))) (boolV #t) (boolV #t) "at line 672")
(good (run (ifthenelse (bool true) (num 2) (num 3))) (numV 2) (numV 2) "at line 673")
(good (run (ifthenelse (bool false) (num 2) (num 3))) (numV 3) (numV 3) "at line 674")
(good (run (with (list (quote x) (quote y) (quote z)) (list (numTE) (numTE) (numTE)) (list (num 2) (num 3) (num 4)) (add (id (quote x)) (id (quote y))))) (numV 5) (numV 5) "at line 675")
(good (run (fun (list (quote x) (quote y)) (list (numTE) (numTE)) (add (id (quote x)) (id (quote y))))) (closureV '(x y) (add (id 'x) (id 'y)) (mtSub)) (closureV '(x y) (add (id 'x) (id 'y)) (mtSub)) "at line 676")
(good (run (app (fun (list (quote x) (quote y)) (list (numTE) (numTE)) (add (id (quote x)) (id (quote y)))) (list (num 2) (num 3)))) (numV 5) (numV 5) "at line 677")
(good (run (fst (pair (num 2) (num 3)))) (numV 2) (numV 2) "at line 678")
(good (typecheck (try1 (throw) (throw)) (mtEnv)) (anyT) (anyT) "at line 680")
(good (typecheck (app (throw) (list (num 1))) (mtEnv)) (anyT) (anyT) "at line 681")
(good (typecheck (fst (throw)) (mtEnv)) (anyT) (anyT) "at line 682")
(good (typecheck (try1 (throw) (num 2)) (mtEnv)) (numT) (numT) "at line 685")
(good (typecheck (try1 (num 2) (num 2)) (mtEnv)) (numT) (numT) "at line 686")
(good (typecheck (try1 (with (list (quote map) (quote foo)) (list (arrowTE (list (arrowTE (list (numTE)) (boolTE)) (crossTE (numTE) (numTE))) (crossTE (boolTE) (boolTE))) (crossTE (numTE) (numTE))) (list (fun (list (quote f) (quote p)) (list (arrowTE (list (numTE)) (boolTE)) (crossTE (numTE) (numTE))) (pair (app (id (quote f)) (list (fst (id (quote p))))) (app (id (quote f)) (list (snd (id (quote p))))))) (pair (num 10) (num 42))) (app (id (quote map)) (list (throw) (id (quote foo))))) (pair (bool false) (bool false))) (mtEnv)) (crossT (boolT) (boolT)) (crossT (boolT) (boolT)) "at line 688")
(good (typecheck (try1 (add (throw) (num 8)) (num 10)) (mtEnv)) (numT) (numT) "at line 690")
(good (typecheck (eq (num 42) (try1 (ifthenelse (bool true) (throw) (throw)) (num 10))) (mtEnv)) (boolT) (boolT) "at line 692")
(good (typecheck (with (list (quote x) (quote y) (quote z)) (list (boolTE) (numTE) (numTE)) (list (bool false) (num 2) (num 3)) (ifthenelse (id (quote x)) (id (quote y)) (id (quote z)))) (mtEnv)) (numT) (numT) "at line 695")
(good (typecheck (with (list (quote x)) (list (numTE)) (list (num 2)) (id (quote x))) (mtEnv)) (numT) (numT) "at line 696")
